<?xml version="1.0" encoding="UTF-8"?>
<testng-results skipped="0" failed="0" ignored="0" total="1" passed="1">
  <reporter-output>
    <line>
      <![CDATA[Enter username[[ChromeDriver: chrome on XP (c291d258a2d3e28a56636751511941c6)] -> xpath: //*[@id='Table_01']/tbody/tr[1]/td[2]/table/tbody/tr[2]/td[2]/input] and obect is[[ChromeDriver: chrome on XP (c291d258a2d3e28a56636751511941c6)] -> xpath: //*[@id='Table_01']/tbody/tr[1]/td[2]/table/tbody/tr[2]/td[2]/input]]]>
    </line>
    <line>
      <![CDATA[Enter passwoard[[ChromeDriver: chrome on XP (c291d258a2d3e28a56636751511941c6)] -> xpath: //*[@id='Table_01']/tbody/tr[1]/td[2]/table/tbody/tr[3]/td[2]/input] and obect is[[ChromeDriver: chrome on XP (c291d258a2d3e28a56636751511941c6)] -> xpath: //*[@id='Table_01']/tbody/tr[1]/td[2]/table/tbody/tr[3]/td[2]/input]]]>
    </line>
    <line>
      <![CDATA[clicked on Login and object isProxy element for: DefaultElementLocator 'By.xpath: //*[@id='Table_01']/tbody/tr[1]/td[2]/table/tbody/tr[4]/td[1]/input']]>
    </line>
    <line>
      <![CDATA[clicked on Login and object isProxy element for: DefaultElementLocator 'By.xpath: //*[@id='Table_01']/tbody/tr[1]/td[2]/table/tbody/tr[4]/td[1]/input']]>
    </line>
  </reporter-output>
  <suite name="Default suite" duration-ms="68185" started-at="2018-06-04T11:57:41Z" finished-at="2018-06-04T11:58:49Z">
    <groups>
    </groups>
    <test name="Default test" duration-ms="68185" started-at="2018-06-04T11:57:41Z" finished-at="2018-06-04T11:58:49Z">
      <class name="com.ui.Automation.testHomepage.TC_001VerifyLoginCredentiols">
        <test-method status="PASS" signature="setUp()[pri:0, instance:com.ui.Automation.testHomepage.TC_001VerifyLoginCredentiols@1fdc050]" name="setUp" is-config="true" duration-ms="5232" started-at="2018-06-04T17:27:41Z" finished-at="2018-06-04T17:27:46Z">
          <reporter-output>
          </reporter-output>
        </test-method> <!-- setUp -->
        <test-method status="PASS" signature="VerifyLoginCredentiols()[pri:0, instance:com.ui.Automation.testHomepage.TC_001VerifyLoginCredentiols@1fdc050]" name="VerifyLoginCredentiols" duration-ms="62073" started-at="2018-06-04T17:27:46Z" finished-at="2018-06-04T17:28:48Z">
          <reporter-output>
            <line>
              <![CDATA[Enter username[[ChromeDriver: chrome on XP (c291d258a2d3e28a56636751511941c6)] -> xpath: //*[@id='Table_01']/tbody/tr[1]/td[2]/table/tbody/tr[2]/td[2]/input] and obect is[[ChromeDriver: chrome on XP (c291d258a2d3e28a56636751511941c6)] -> xpath: //*[@id='Table_01']/tbody/tr[1]/td[2]/table/tbody/tr[2]/td[2]/input]]]>
            </line>
            <line>
              <![CDATA[Enter passwoard[[ChromeDriver: chrome on XP (c291d258a2d3e28a56636751511941c6)] -> xpath: //*[@id='Table_01']/tbody/tr[1]/td[2]/table/tbody/tr[3]/td[2]/input] and obect is[[ChromeDriver: chrome on XP (c291d258a2d3e28a56636751511941c6)] -> xpath: //*[@id='Table_01']/tbody/tr[1]/td[2]/table/tbody/tr[3]/td[2]/input]]]>
            </line>
            <line>
              <![CDATA[clicked on Login and object isProxy element for: DefaultElementLocator 'By.xpath: //*[@id='Table_01']/tbody/tr[1]/td[2]/table/tbody/tr[4]/td[1]/input']]>
            </line>
            <line>
              <![CDATA[clicked on Login and object isProxy element for: DefaultElementLocator 'By.xpath: //*[@id='Table_01']/tbody/tr[1]/td[2]/table/tbody/tr[4]/td[1]/input']]>
            </line>
          </reporter-output>
        </test-method> <!-- VerifyLoginCredentiols -->
        <test-method status="PASS" signature="endTest()[pri:0, instance:com.ui.Automation.testHomepage.TC_001VerifyLoginCredentiols@1fdc050]" name="endTest" is-config="true" duration-ms="877" started-at="2018-06-04T17:28:48Z" finished-at="2018-06-04T17:28:49Z">
          <reporter-output>
          </reporter-output>
        </test-method> <!-- endTest -->
      </class> <!-- com.ui.Automation.testHomepage.TC_001VerifyLoginCredentiols -->
    </test> <!-- Default test -->
  </suite> <!-- Default suite -->
</testng-results>
